SF:lib/src/authentication_repository.dart
DA:14,1
DA:18,1
DA:19,0
DA:21,1
DA:26,2
DA:30,1
DA:31,0
DA:32,0
DA:34,1
DA:39,1
DA:48,1
DA:49,1
DA:50,0
DA:52,1
DA:56,1
DA:61,1
DA:62,0
DA:66,0
DA:67,0
DA:68,1
DA:69,0
DA:70,0
DA:71,0
DA:72,0
DA:77,0
DA:78,0
DA:80,0
DA:81,0
DA:86,0
DA:87,0
DA:93,0
DA:98,1
DA:101,2
DA:102,1
DA:103,0
DA:104,0
DA:105,0
DA:107,0
DA:108,0
DA:110,0
DA:111,0
DA:114,0
DA:116,0
DA:117,0
DA:122,0
DA:130,1
DA:133,2
DA:134,1
DA:135,1
DA:136,1
DA:137,1
DA:139,1
DA:141,1
DA:142,0
DA:144,1
DA:149,1
DA:150,4
DA:151,0
DA:152,3
DA:158,0
DA:159,0
DA:165,1
DA:166,1
DA:169,0
DA:172,0
DA:174,0
DA:175,0
DA:177,0
DA:178,0
DA:179,0
DA:180,0
DA:183,0
DA:191,1
DA:193,2
DA:194,2
DA:196,2
DA:203,0
DA:204,0
DA:205,0
DA:206,0
LF:80
LH:34
end_of_record
SF:lib/src/models/user_model.dart
DA:4,3
DA:14,2
DA:16,2
DA:24,2
DA:25,2
DA:26,2
DA:27,2
DA:28,2
DA:29,2
DA:30,2
LF:10
LH:10
end_of_record
SF:lib/src/errors/login_with_email_and_password_error.dart
DA:2,1
DA:11,0
DA:13,0
DA:15,0
DA:18,0
DA:21,0
DA:25,0
LF:7
LH:1
end_of_record
SF:lib/src/errors/login_with_google_error.dart
DA:2,1
DA:6,0
DA:8,0
DA:11,0
DA:14,0
DA:17,0
DA:21,0
DA:24,0
DA:27,0
DA:30,0
DA:33,0
LF:11
LH:1
end_of_record
SF:lib/src/errors/logout_error.dart
DA:2,1
LF:1
LH:1
end_of_record
SF:lib/src/errors/signup_with_email_and_password_error.dart
DA:2,1
DA:6,0
DA:8,0
DA:9,0
DA:10,0
DA:13,0
DA:15,0
DA:17,0
DA:19,0
LF:9
LH:1
end_of_record
